<?xml version="1.0" encoding="UTF-8"?>
<!-- Generated by org.testng.reporters.JUnitXMLReporter -->
<testsuite ignored="0" hostname="DESKTOP-I31RCJJ" failures="0" tests="2" name="edge Test" time="13.616" errors="0" timestamp="2023-06-28T09:53:28 IST">
  <testcase classname="com.Test.VerifyLogin" name="Search" time="0.0">
    <skipped/>
  </testcase> <!-- Search -->
  <testcase classname="com.Test.VerifyLogin" name="Gamemodule" time="0.0">
    <skipped/>
  </testcase> <!-- Gamemodule -->
</testsuite> <!-- edge Test -->
